# JRE version: Java(TM) SE Runtime Environment (8.0-b132) (build 1.8.0-b132)
# Java VM: Java HotSpot(TM) 64-Bit Server VM (25.0-b70 mixed mode windows-amd64 compressed oops)
Heap:
 PSYoungGen      total 17920K, used 1397K [0x000000076bd00000, 0x000000076d100000, 0x00000007c0000000)
  eden space 15872K, 0% used [0x000000076bd00000,0x000000076bd00000,0x000000076cc80000)
  from space 2048K, 68% used [0x000000076cc80000,0x000000076cddd6f0,0x000000076ce80000)
  to   space 1536K, 0% used [0x000000076ce80000,0x000000076ce80000,0x000000076d000000)
 ParOldGen       total 258560K, used 6638K [0x00000006c3600000, 0x00000006d3280000, 0x000000076bd00000)
  object space 258560K, 2% used [0x00000006c3600000,0x00000006c3c7bb68,0x00000006d3280000)
 Metaspace       used 19566K, capacity 20284K, committed 20352K, reserved 1071104K
  class space    used 2499K, capacity 2668K, committed 2688K, reserved 1048576K
GC Heap History (10 events):
Event: 1.284 GC heap before
{Heap before GC invocations=14 (full 0):
 PSYoungGen      total 11776K, used 11770K [0x000000076bd00000, 0x000000076d000000, 0x00000007c0000000)
  eden space 10240K, 100% used [0x000000076bd00000,0x000000076c700000,0x000000076c700000)
  from space 1536K, 99% used [0x000000076c700000,0x000000076c87e878,0x000000076c880000)
  to   space 1536K, 0% used [0x000000076ce80000,0x000000076ce80000,0x000000076d000000)
 ParOldGen       total 258560K, used 2977K [0x00000006c3600000, 0x00000006d3280000, 0x000000076bd00000)
  object space 258560K, 1% used [0x00000006c3600000,0x00000006c38e85c0,0x00000006d3280000)
 Metaspace       used 11851K, capacity 12372K, committed 12416K, reserved 1060864K
  class space    used 1495K, capacity 1620K, committed 1664K, reserved 1048576K
Event: 1.285 GC heap after
Heap after GC invocations=14 (full 0):
 PSYoungGen      total 17408K, used 1336K [0x000000076bd00000, 0x000000076d100000, 0x00000007c0000000)
  eden space 15872K, 0% used [0x000000076bd00000,0x000000076bd00000,0x000000076cc80000)
  from space 1536K, 86% used [0x000000076ce80000,0x000000076cfce040,0x000000076d000000)
  to   space 2048K, 0% used [0x000000076cc80000,0x000000076cc80000,0x000000076ce80000)
 ParOldGen       total 258560K, used 3555K [0x00000006c3600000, 0x00000006d3280000, 0x000000076bd00000)
  object space 258560K, 1% used [0x00000006c3600000,0x00000006c3978e50,0x00000006d3280000)
 Metaspace       used 11851K, capacity 12372K, committed 12416K, reserved 1060864K
  class space    used 1495K, capacity 1620K, committed 1664K, reserved 1048576K
}
Event: 1.379 GC heap before
{Heap before GC invocations=15 (full 0):
 PSYoungGen      total 17408K, used 17195K [0x000000076bd00000, 0x000000076d100000, 0x00000007c0000000)
  eden space 15872K, 99% used [0x000000076bd00000,0x000000076cc7cc68,0x000000076cc80000)
  from space 1536K, 86% used [0x000000076ce80000,0x000000076cfce040,0x000000076d000000)
  to   space 2048K, 0% used [0x000000076cc80000,0x000000076cc80000,0x000000076ce80000)
 ParOldGen       total 258560K, used 3555K [0x00000006c3600000, 0x00000006d3280000, 0x000000076bd00000)
  object space 258560K, 1% used [0x00000006c3600000,0x00000006c3978e50,0x00000006d3280000)
 Metaspace       used 13764K, capacity 14378K, committed 14464K, reserved 1062912K
  class space    used 1764K, capacity 1901K, committed 1920K, reserved 1048576K
Event: 1.381 GC heap after
Heap after GC invocations=15 (full 0):
 PSYoungGen      total 17920K, used 2041K [0x000000076bd00000, 0x000000076d100000, 0x00000007c0000000)
  eden space 15872K, 0% used [0x000000076bd00000,0x000000076bd00000,0x000000076cc80000)
  from space 2048K, 99% used [0x000000076cc80000,0x000000076ce7e660,0x000000076ce80000)
  to   space 1536K, 0% used [0x000000076ce80000,0x000000076ce80000,0x000000076d000000)
 ParOldGen       total 258560K, used 4125K [0x00000006c3600000, 0x00000006d3280000, 0x000000076bd00000)
  object space 258560K, 1% used [0x00000006c3600000,0x00000006c3a07408,0x00000006d3280000)
 Metaspace       used 13764K, capacity 14378K, committed 14464K, reserved 1062912K
  class space    used 1764K, capacity 1901K, committed 1920K, reserved 1048576K
}
Event: 1.434 GC heap before
{Heap before GC invocations=16 (full 0):
 PSYoungGen      total 17920K, used 17913K [0x000000076bd00000, 0x000000076d100000, 0x00000007c0000000)
  eden space 15872K, 100% used [0x000000076bd00000,0x000000076cc80000,0x000000076cc80000)
  from space 2048K, 99% used [0x000000076cc80000,0x000000076ce7e660,0x000000076ce80000)
  to   space 1536K, 0% used [0x000000076ce80000,0x000000076ce80000,0x000000076d000000)
 ParOldGen       total 258560K, used 4125K [0x00000006c3600000, 0x00000006d3280000, 0x000000076bd00000)
  object space 258560K, 1% used [0x00000006c3600000,0x00000006c3a07408,0x00000006d3280000)
 Metaspace       used 15608K, capacity 16316K, committed 16512K, reserved 1062912K
  class space    used 1955K, capacity 2116K, committed 2176K, reserved 1048576K
Event: 1.436 GC heap after
Heap after GC invocations=16 (full 0):
 PSYoungGen      total 17408K, used 1507K [0x000000076bd00000, 0x000000076d100000, 0x00000007c0000000)
  eden space 15872K, 0% used [0x000000076bd00000,0x000000076bd00000,0x000000076cc80000)
  from space 1536K, 98% used [0x000000076ce80000,0x000000076cff8ca0,0x000000076d000000)
  to   space 2048K, 0% used [0x000000076cc80000,0x000000076cc80000,0x000000076ce80000)
 ParOldGen       total 258560K, used 5156K [0x00000006c3600000, 0x00000006d3280000, 0x000000076bd00000)
  object space 258560K, 1% used [0x00000006c3600000,0x00000006c3b092f8,0x00000006d3280000)
 Metaspace       used 15608K, capacity 16316K, committed 16512K, reserved 1062912K
  class space    used 1955K, capacity 2116K, committed 2176K, reserved 1048576K
}
Event: 1.487 GC heap before
{Heap before GC invocations=17 (full 0):
 PSYoungGen      total 17408K, used 17379K [0x000000076bd00000, 0x000000076d100000, 0x00000007c0000000)
  eden space 15872K, 100% used [0x000000076bd00000,0x000000076cc80000,0x000000076cc80000)
  from space 1536K, 98% used [0x000000076ce80000,0x000000076cff8ca0,0x000000076d000000)
  to   space 2048K, 0% used [0x000000076cc80000,0x000000076cc80000,0x000000076ce80000)
 ParOldGen       total 258560K, used 5156K [0x00000006c3600000, 0x00000006d3280000, 0x000000076bd00000)
  object space 258560K, 1% used [0x00000006c3600000,0x00000006c3b092f8,0x00000006d3280000)
 Metaspace       used 17196K, capacity 17874K, committed 18048K, reserved 1064960K
  class space    used 2174K, capacity 2331K, committed 2432K, reserved 1048576K
Event: 1.489 GC heap after
Heap after GC invocations=17 (full 0):
 PSYoungGen      total 17920K, used 1892K [0x000000076bd00000, 0x000000076d100000, 0x00000007c0000000)
  eden space 15872K, 0% used [0x000000076bd00000,0x000000076bd00000,0x000000076cc80000)
  from space 2048K, 92% used [0x000000076cc80000,0x000000076ce593d8,0x000000076ce80000)
  to   space 1536K, 0% used [0x000000076ce80000,0x000000076ce80000,0x000000076d000000)
 ParOldGen       total 258560K, used 5603K [0x00000006c3600000, 0x00000006d3280000, 0x000000076bd00000)
  object space 258560K, 2% used [0x00000006c3600000,0x00000006c3b78e70,0x00000006d3280000)
 Metaspace       used 17196K, capacity 17874K, committed 18048K, reserved 1064960K
  class space    used 2174K, capacity 2331K, committed 2432K, reserved 1048576K
}
Event: 1.534 GC heap before
{Heap before GC invocations=18 (full 0):
 PSYoungGen      total 17920K, used 17764K [0x000000076bd00000, 0x000000076d100000, 0x00000007c0000000)
  eden space 15872K, 100% used [0x000000076bd00000,0x000000076cc80000,0x000000076cc80000)
  from space 2048K, 92% used [0x000000076cc80000,0x000000076ce593d8,0x000000076ce80000)
  to   space 1536K, 0% used [0x000000076ce80000,0x000000076ce80000,0x000000076d000000)
 ParOldGen       total 258560K, used 5603K [0x00000006c3600000, 0x00000006d3280000, 0x000000076bd00000)
  object space 258560K, 2% used [0x00000006c3600000,0x00000006c3b78e70,0x00000006d3280000)
 Metaspace       used 18786K, capacity 19522K, committed 19840K, reserved 1067008K
  class space    used 2402K, capacity 2589K, committed 2688K, reserved 1048576K
Event: 1.536 GC heap after
Heap after GC invocations=18 (full 0):
 PSYoungGen      total 17408K, used 1511K [0x000000076bd00000, 0x000000076d100000, 0x00000007c0000000)
  eden space 15872K, 0% used [0x000000076bd00000,0x000000076bd00000,0x000000076cc80000)
  from space 1536K, 98% used [0x000000076ce80000,0x000000076cff9dd8,0x000000076d000000)
  to   space 2048K, 0% used [0x000000076cc80000,0x000000076cc80000,0x000000076ce80000)
 ParOldGen       total 258560K, used 6342K [0x00000006c3600000, 0x00000006d3280000, 0x000000076bd00000)
  object space 258560K, 2% used [0x00000006c3600000,0x00000006c3c31b68,0x00000006d3280000)
 Metaspace       used 18786K, capacity 19522K, committed 19840K, reserved 1067008K
  class space    used 2402K, capacity 2589K, committed 2688K, reserved 1048576K
}

