# JRE version: Java(TM) SE Runtime Environment (8.0-b132) (build 1.8.0-b132)
# Java VM: Java HotSpot(TM) 64-Bit Server VM (25.0-b70 mixed mode windows-amd64 compressed oops)
Heap:
 PSYoungGen      total 99328K, used 31421K [0x000000076bd00000, 0x0000000773a00000, 0x00000007c0000000)
  eden space 76800K, 18% used [0x000000076bd00000,0x000000076ca95fd8,0x0000000770800000)
  from space 22528K, 77% used [0x0000000772000000,0x00000007731195a0,0x0000000773600000)
  to   space 24576K, 0% used [0x0000000770800000,0x0000000770800000,0x0000000772000000)
 ParOldGen       total 27648K, used 21084K [0x00000006c3600000, 0x00000006c5100000, 0x000000076bd00000)
  object space 27648K, 76% used [0x00000006c3600000,0x00000006c4a97178,0x00000006c5100000)
 Metaspace       used 62990K, capacity 67158K, committed 67456K, reserved 1107968K
  class space    used 8856K, capacity 9554K, committed 9600K, reserved 1048576K
GC Heap History (10 events):
Event: 9.790 GC heap before
{Heap before GC invocations=42 (full 4):
 PSYoungGen      total 86528K, used 15844K [0x000000076bd00000, 0x0000000772b80000, 0x00000007c0000000)
  eden space 70656K, 0% used [0x000000076bd00000,0x000000076bd00000,0x0000000770200000)
  from space 15872K, 99% used [0x0000000771500000,0x0000000772479160,0x0000000772480000)
  to   space 19456K, 0% used [0x0000000770200000,0x0000000770200000,0x0000000771500000)
 ParOldGen       total 18944K, used 18670K [0x00000006c3600000, 0x00000006c4880000, 0x000000076bd00000)
  object space 18944K, 98% used [0x00000006c3600000,0x00000006c483ba20,0x00000006c4880000)
 Metaspace       used 53271K, capacity 56366K, committed 56576K, reserved 1097728K
  class space    used 7399K, capacity 7923K, committed 7936K, reserved 1048576K
Event: 10.011 GC heap after
Heap after GC invocations=42 (full 4):
 PSYoungGen      total 86528K, used 11888K [0x000000076bd00000, 0x0000000772b80000, 0x00000007c0000000)
  eden space 70656K, 0% used [0x000000076bd00000,0x000000076bd00000,0x0000000770200000)
  from space 15872K, 74% used [0x0000000771500000,0x000000077209c210,0x0000000772480000)
  to   space 19456K, 0% used [0x0000000770200000,0x0000000770200000,0x0000000771500000)
 ParOldGen       total 27648K, used 18550K [0x00000006c3600000, 0x00000006c5100000, 0x000000076bd00000)
  object space 27648K, 67% used [0x00000006c3600000,0x00000006c481d930,0x00000006c5100000)
 Metaspace       used 53271K, capacity 56366K, committed 56576K, reserved 1097728K
  class space    used 7399K, capacity 7923K, committed 7936K, reserved 1048576K
}
Event: 10.931 GC heap before
{Heap before GC invocations=43 (full 4):
 PSYoungGen      total 86528K, used 82544K [0x000000076bd00000, 0x0000000772b80000, 0x00000007c0000000)
  eden space 70656K, 100% used [0x000000076bd00000,0x0000000770200000,0x0000000770200000)
  from space 15872K, 74% used [0x0000000771500000,0x000000077209c210,0x0000000772480000)
  to   space 19456K, 0% used [0x0000000770200000,0x0000000770200000,0x0000000771500000)
 ParOldGen       total 27648K, used 18550K [0x00000006c3600000, 0x00000006c5100000, 0x000000076bd00000)
  object space 27648K, 67% used [0x00000006c3600000,0x00000006c481d930,0x00000006c5100000)
 Metaspace       used 57705K, capacity 60936K, committed 61184K, reserved 1101824K
  class space    used 8144K, capacity 8695K, committed 8704K, reserved 1048576K
Event: 10.943 GC heap after
Heap after GC invocations=43 (full 4):
 PSYoungGen      total 90112K, used 13757K [0x000000076bd00000, 0x0000000772e80000, 0x00000007c0000000)
  eden space 70656K, 0% used [0x000000076bd00000,0x000000076bd00000,0x0000000770200000)
  from space 19456K, 70% used [0x0000000770200000,0x0000000770f6f4f8,0x0000000771500000)
  to   space 20480K, 0% used [0x0000000771a80000,0x0000000771a80000,0x0000000772e80000)
 ParOldGen       total 27648K, used 21060K [0x00000006c3600000, 0x00000006c5100000, 0x000000076bd00000)
  object space 27648K, 76% used [0x00000006c3600000,0x00000006c4a91178,0x00000006c5100000)
 Metaspace       used 57705K, capacity 60936K, committed 61184K, reserved 1101824K
  class space    used 8144K, capacity 8695K, committed 8704K, reserved 1048576K
}
Event: 11.633 GC heap before
{Heap before GC invocations=44 (full 4):
 PSYoungGen      total 90112K, used 84413K [0x000000076bd00000, 0x0000000772e80000, 0x00000007c0000000)
  eden space 70656K, 100% used [0x000000076bd00000,0x0000000770200000,0x0000000770200000)
  from space 19456K, 70% used [0x0000000770200000,0x0000000770f6f4f8,0x0000000771500000)
  to   space 20480K, 0% used [0x0000000771a80000,0x0000000771a80000,0x0000000772e80000)
 ParOldGen       total 27648K, used 21060K [0x00000006c3600000, 0x00000006c5100000, 0x000000076bd00000)
  object space 27648K, 76% used [0x00000006c3600000,0x00000006c4a91178,0x00000006c5100000)
 Metaspace       used 60676K, capacity 64550K, committed 64768K, reserved 1105920K
  class space    used 8556K, capacity 9196K, committed 9216K, reserved 1048576K
Event: 11.643 GC heap after
Heap after GC invocations=44 (full 4):
 PSYoungGen      total 94720K, used 13824K [0x000000076bd00000, 0x0000000773000000, 0x00000007c0000000)
  eden space 74240K, 0% used [0x000000076bd00000,0x000000076bd00000,0x0000000770580000)
  from space 20480K, 67% used [0x0000000771a80000,0x00000007728003f0,0x0000000772e80000)
  to   space 21504K, 0% used [0x0000000770580000,0x0000000770580000,0x0000000771a80000)
 ParOldGen       total 27648K, used 21068K [0x00000006c3600000, 0x00000006c5100000, 0x000000076bd00000)
  object space 27648K, 76% used [0x00000006c3600000,0x00000006c4a93178,0x00000006c5100000)
 Metaspace       used 60676K, capacity 64550K, committed 64768K, reserved 1105920K
  class space    used 8556K, capacity 9196K, committed 9216K, reserved 1048576K
}
Event: 11.984 GC heap before
{Heap before GC invocations=45 (full 4):
 PSYoungGen      total 94720K, used 88064K [0x000000076bd00000, 0x0000000773000000, 0x00000007c0000000)
  eden space 74240K, 100% used [0x000000076bd00000,0x0000000770580000,0x0000000770580000)
  from space 20480K, 67% used [0x0000000771a80000,0x00000007728003f0,0x0000000772e80000)
  to   space 21504K, 0% used [0x0000000770580000,0x0000000770580000,0x0000000771a80000)
 ParOldGen       total 27648K, used 21068K [0x00000006c3600000, 0x00000006c5100000, 0x000000076bd00000)
  object space 27648K, 76% used [0x00000006c3600000,0x00000006c4a93178,0x00000006c5100000)
 Metaspace       used 61330K, capacity 65242K, committed 65408K, reserved 1105920K
  class space    used 8658K, capacity 9322K, committed 9344K, reserved 1048576K
Event: 11.993 GC heap after
Heap after GC invocations=45 (full 4):
 PSYoungGen      total 95744K, used 15011K [0x000000076bd00000, 0x0000000773600000, 0x00000007c0000000)
  eden space 74240K, 0% used [0x000000076bd00000,0x000000076bd00000,0x0000000770580000)
  from space 21504K, 69% used [0x0000000770580000,0x0000000771428eb8,0x0000000771a80000)
  to   space 22528K, 0% used [0x0000000772000000,0x0000000772000000,0x0000000773600000)
 ParOldGen       total 27648K, used 21076K [0x00000006c3600000, 0x00000006c5100000, 0x000000076bd00000)
  object space 27648K, 76% used [0x00000006c3600000,0x00000006c4a95178,0x00000006c5100000)
 Metaspace       used 61330K, capacity 65242K, committed 65408K, reserved 1105920K
  class space    used 8658K, capacity 9322K, committed 9344K, reserved 1048576K
}
Event: 12.479 GC heap before
{Heap before GC invocations=46 (full 4):
 PSYoungGen      total 95744K, used 89251K [0x000000076bd00000, 0x0000000773600000, 0x00000007c0000000)
  eden space 74240K, 100% used [0x000000076bd00000,0x0000000770580000,0x0000000770580000)
  from space 21504K, 69% used [0x0000000770580000,0x0000000771428eb8,0x0000000771a80000)
  to   space 22528K, 0% used [0x0000000772000000,0x0000000772000000,0x0000000773600000)
 ParOldGen       total 27648K, used 21076K [0x00000006c3600000, 0x00000006c5100000, 0x000000076bd00000)
  object space 27648K, 76% used [0x00000006c3600000,0x00000006c4a95178,0x00000006c5100000)
 Metaspace       used 62885K, capacity 67030K, committed 67200K, reserved 1107968K
  class space    used 8844K, capacity 9514K, committed 9600K, reserved 1048576K
Event: 12.490 GC heap after
Heap after GC invocations=46 (full 4):
 PSYoungGen      total 99328K, used 17509K [0x000000076bd00000, 0x0000000773a00000, 0x00000007c0000000)
  eden space 76800K, 0% used [0x000000076bd00000,0x000000076bd00000,0x0000000770800000)
  from space 22528K, 77% used [0x0000000772000000,0x00000007731195a0,0x0000000773600000)
  to   space 24576K, 0% used [0x0000000770800000,0x0000000770800000,0x0000000772000000)
 ParOldGen       total 27648K, used 21084K [0x00000006c3600000, 0x00000006c5100000, 0x000000076bd00000)
  object space 27648K, 76% used [0x00000006c3600000,0x00000006c4a97178,0x00000006c5100000)
 Metaspace       used 62885K, capacity 67030K, committed 67200K, reserved 1107968K
  class space    used 8844K, capacity 9514K, committed 9600K, reserved 1048576K
}

